<?xml version="1.0" encoding="UTF-8"?>
<!-- Generated by org.testng.reporters.JUnitReportReporter -->
<testsuite skipped="0" hostname="ML-J5P86S2" name="ApacheTest.APACHEPOI.TestLogin" tests="1" failures="0" timestamp="29 Mar 2021 05:38:51 GMT" time="56.045" errors="0">
  <testcase name="LoginTest" time="56.045" classname="ApacheTest.APACHEPOI.TestLogin"/>
</testsuite> <!-- ApacheTest.APACHEPOI.TestLogin -->
